[2026-04-11 21:35:29] [INFO    ] discord.client: logging in using static token
[2026-04-11 21:35:29] [DEBUG   ] discord.http: GET https://discord.com/api/v10/users/@me with None has returned 200
[2026-04-11 21:35:29] [DEBUG   ] discord.http: GET /users/@me has found its initial rate limit bucket hash (78bb8553d9352a5a2f89f9def401287a).
[2026-04-11 21:35:29] [DEBUG   ] discord.http: GET https://discord.com/api/v10/users/@me has received {'id': '1490212817830416464', 'username': 'SAP Draft Bot', 'avatar': None, 'discriminator': '2413', 'public_flags': 0, 'flags': 0, 'bot': True, 'banner': None, 'accent_color': None, 'global_name': None, 'avatar_decoration_data': None, 'collectibles': None, 'display_name_styles': None, 'banner_color': None, 'clan': None, 'primary_guild': None, 'mfa_enabled': True, 'locale': 'en-US', 'premium_type': 0, 'email': None, 'verified': True, 'bio': ''}
[2026-04-11 21:35:29] [DEBUG   ] discord.http: GET https://discord.com/api/v10/oauth2/applications/@me with None has returned 200
[2026-04-11 21:35:29] [DEBUG   ] discord.http: GET /oauth2/applications/@me has found its initial rate limit bucket hash (d28a133af187e91d71d96a223467ce49).
[2026-04-11 21:35:29] [DEBUG   ] discord.http: GET https://discord.com/api/v10/oauth2/applications/@me has received {'id': '1490212817830416464', 'name': 'SAP Draft Bot', 'icon': None, 'description': '', 'type': None, 'bot': {'id': '1490212817830416464', 'username': 'SAP Draft Bot', 'avatar': None, 'discriminator': '2413', 'public_flags': 0, 'flags': 0, 'bot': True, 'banner': None, 'accent_color': None, 'global_name': None, 'avatar_decoration_data': None, 'collectibles': None, 'display_name_styles': None, 'banner_color': None, 'clan': None, 'primary_guild': None}, 'summary': '', 'is_monetized': False, 'is_verified': False, 'is_discoverable': False, 'bot_public': True, 'bot_require_code_grant': False, 'install_params': {'scopes': ['applications.commands'], 'permissions': '0'}, 'integration_types_config': {'0': {'oauth2_install_params': {'scopes': ['applications.commands'], 'permissions': '0'}}, '1': {'oauth2_install_params': {'scopes': ['applications.commands'], 'permissions': '0'}}}, 'verify_key': 'bce9df111dfb3615d1549546523461cfbe6778cddc977db8804d0350890d8a7d', 'flags': 557056, 'hook': True, 'storefront_available': False, 'redirect_uris': [], 'interactions_endpoint_url': None, 'role_connections_verification_url': None, 'owner': {'id': '269183506838585345', 'username': 'nick_reznee', 'avatar': '0f0ff1891b44ec3128b62cb66ee825b7', 'discriminator': '0', 'public_flags': 0, 'flags': 0, 'banner': None, 'accent_color': 3648618, 'global_name': None, 'avatar_decoration_data': None, 'collectibles': None, 'display_name_styles': None, 'banner_color': '#37ac6a', 'clan': None, 'primary_guild': None}, 'approximate_guild_count': 1, 'approximate_user_install_count': 0, 'approximate_user_authorization_count': 0, 'interactions_event_types': [], 'interactions_version': 1, 'explicit_content_filter': 0, 'rpc_application_state': 0, 'store_application_state': 1, 'verification_state': 1, 'integration_public': True, 'integration_require_code_grant': False, 'discoverability_state': 1, 'discovery_eligibility_flags': 2272, 'monetization_state': 1, 'verification_eligibility_flags': 123804, 'monetization_eligibility_flags': 247524, 'bot_approximate_guild_count': 1, 'team': None, 'internal_guild_restriction': 2, 'approved_consoles': [], 'pricing_localization_strategy': 'localized_price_sets'}
[2026-04-11 21:35:29] [DEBUG   ] discord.gateway: Created websocket connected to wss://gateway.discord.gg/
[2026-04-11 21:35:29] [DEBUG   ] discord.gateway: For Shard ID None: WebSocket Event: {'t': None, 's': None, 'op': 10, 'd': {'heartbeat_interval': 41250, '_trace': ['["gateway-prd-arm-us-east1-d-5v1n",{"micros":0.0}]']}}
[2026-04-11 21:35:29] [DEBUG   ] discord.gateway: Shard ID None has sent the IDENTIFY payload.
[2026-04-11 21:35:29] [DEBUG   ] discord.gateway: For Shard ID None: WebSocket Event: {'t': None, 's': None, 'op': 11, 'd': None}
[2026-04-11 21:35:30] [DEBUG   ] discord.gateway: For Shard ID None: WebSocket Event: {'t': 'READY', 's': 1, 'op': 0, 'd': {'v': 10, 'user_settings': {}, 'user': {'verified': True, 'username': 'SAP Draft Bot', 'primary_guild': None, 'mfa_enabled': True, 'id': '1490212817830416464', 'global_name': None, 'flags': 0, 'email': None, 'discriminator': '2413', 'clan': None, 'bot': True, 'avatar': None}, 'session_type': 'normal', 'session_id': '3f9c5db55d51905892e265caa2346a14', 'resume_gateway_url': 'wss://gateway-us-east1-d.discord.gg', 'relationships': [], 'private_channels': [], 'presences': [], 'guilds': [{'unavailable': True, 'id': '1490214223538815067'}], 'guild_join_requests': [], 'geo_ordered_rtc_regions': ['newark', 'us-east', 'us-central', 'atlanta', 'us-south'], 'game_relationships': [], 'auth': {}, 'application': {'id': '1490212817830416464', 'flags_new': '557056', 'flags': 557056}, '_trace': ['["gateway-prd-arm-us-east1-d-5v1n",{"micros":267589,"calls":["id_created",{"micros":905,"calls":[]},"session_lookup_time",{"micros":11006,"calls":[]},"session_lookup_finished",{"micros":10,"calls":[]},"sessions-prd-gcp-us-east1-d-79",{"micros":255086,"calls":["start_session",{"micros":207657,"calls":["prd-rpc-694dc6785c-44kwh",{"micros":38464,"calls":["get_user",{"micros":5489},"get_guilds",{"micros":6266},"send_scheduled_deletion_message",{"micros":14},"guild_join_requests",{"micros":929},"authorized_ip_coro",{"micros":15},"pending_payments",{"micros":1559},"apex_experiments",{"micros":157796},"sessions_experiments",{"micros":6},"played_application_ids",{"micros":4},"linked_users",{"micros":3},"ad_personalization_toggles_disabled",{"micros":3},"regional_feature_config",{"micros":3}]}]},"starting_guild_connect",{"micros":60,"calls":[]},"presence_started",{"micros":379,"calls":[]},"guilds_started",{"micros":79,"calls":[]},"lobbies_started",{"micros":1,"calls":[]},"guilds_connect",{"micros":1,"calls":[]},"presence_connect",{"micros":46855,"calls":[]},"connect_finished",{"micros":46892,"calls":[]},"build_ready",{"micros":13,"calls":[]},"clean_ready",{"micros":2,"calls":[]},"optimize_ready",{"micros":1,"calls":[]},"split_ready",{"micros":0,"calls":[]}]}]}]']}}
[2026-04-11 21:35:30] [DEBUG   ] discord.client: Dispatching event socket_event_type
[2026-04-11 21:35:30] [INFO    ] discord.gateway: Shard ID None has connected to Gateway (Session ID: 3f9c5db55d51905892e265caa2346a14).
[2026-04-11 21:35:30] [DEBUG   ] discord.client: Dispatching event connect
[2026-04-11 21:35:30] [DEBUG   ] discord.gateway: For Shard ID None: WebSocket Event: {'t': 'GUILD_CREATE', 's': 2, 'op': 0, 'd': {'premium_subscription_count': 0, 'game_application_ids': None, 'afk_timeout': 300, 'nsfw_level': 0, 'banner': None, 'lazy': True, 'profile': None, 'activity_instances': [], 'premium_progress_bar_enabled': False, 'vanity_url_code': None, 'roles': [{'version': 1775365157950, 'unicode_emoji': None, 'tags': {}, 'position': 0, 'permissions': '2248473465835073', 'name': '@everyone', 'mentionable': False, 'managed': False, 'id': '1490214223538815067', 'icon': None, 'hoist': False, 'flags': 0, 'colors': {'tertiary_color': None, 'secondary_color': None, 'primary_color': 0}, 'color': 0}, {'version': 1775953785787, 'unicode_emoji': None, 'tags': {'bot_id': '1490212817830416464'}, 'position': 1, 'permissions': '563276639759440', 'name': 'SAP Draft Bot', 'mentionable': False, 'managed': True, 'id': '1490214303138320537', 'icon': None, 'hoist': False, 'flags': 0, 'colors': {'tertiary_color': None, 'secondary_color': None, 'primary_color': 0}, 'color': 0}], 'premium_features': None, 'safety_alerts_channel_id': None, 'id': '1490214223538815067', 'embedded_activities': [], 'features': [], 'nsfw': False, 'name': 'Test Server', 'channels': [{'version': 1775365157958, 'type': 4, 'position': 0, 'permission_overwrites': [], 'name': 'Text Channels', 'id': '1490214224465629314', 'flags': 0}, {'version': 1775951558783, 'type': 4, 'position': 2, 'permission_overwrites': [], 'parent_id': None, 'name': 'Voice Channels', 'id': '1490214224465629315', 'flags': 0}, {'version': 1775365157981, 'type': 0, 'topic': None, 'rate_limit_per_user': 0, 'position': 0, 'permission_overwrites': [], 'parent_id': '1490214224465629314', 'name': 'general', 'last_message_id': '1492697557107867648', 'id': '1490214224465629316', 'icon_emoji': {'name': '👋', 'id': None}, 'flags': 0}, {'version': 1775365158003, 'user_limit': 0, 'type': 2, 'rtc_region': None, 'rate_limit_per_user': 0, 'position': 0, 'permission_overwrites': [], 'parent_id': '1490214224465629315', 'name': 'General', 'last_message_id': None, 'id': '1490214224465629317', 'icon_emoji': {'name': '🎙', 'id': None}, 'flags': 0, 'bitrate': 64000}, {'version': 1775951556179, 'type': 4, 'position': 1, 'permission_overwrites': [], 'parent_id': None, 'name': 'Active Games', 'id': '1492673756857110548', 'flags': 0}], 'system_channel_id': '1490214224465629316', 'inventory_settings': None, 'afk_channel_id': None, 'experiments': {'evaluation_id': None, 'assignments': []}, 'soundboard_sounds': [], 'threads': [], 'joined_at': '2026-04-05T04:59:36.816000+00:00', 'preferred_locale': 'en-US', 'max_stage_video_channel_users': 50, 'latest_onboarding_question_id': None, 'home_header': None, 'description': None, 'emojis': [], 'application_command_counts': {}, 'presences': [], 'mfa_level': 0, 'stage_instances': [], 'owner_id': '269183506838585345', 'application_id': None, 'system_channel_flags': 0, 'hub_type': None, 'region': 'deprecated', 'member_count': 2, 'guild_scheduled_events': [], 'owner_configured_content_level': 0, 'members': [{'user': {'username': 'SAP Draft Bot', 'public_flags': 0, 'primary_guild': None, 'id': '1490212817830416464', 'global_name': None, 'display_name_styles': None, 'display_name': None, 'discriminator': '2413', 'collectibles': None, 'bot': True, 'avatar_decoration_data': None, 'avatar': None}, 'roles': ['1490214303138320537'], 'premium_since': None, 'pending': False, 'nick': None, 'mute': False, 'joined_at': '2026-04-05T04:59:36.816000+00:00', 'flags': 0, 'deaf': False, 'communication_disabled_until': None, 'banner': None, 'avatar': None}], 'voice_states': [], 'verification_level': 0, 'premium_progress_bar_enabled_user_updated_at': None, 'rules_channel_id': None, 'icon': None, 'unavailable': False, 'public_updates_channel_id': None, 'splash': None, 'default_message_notifications': 0, 'discovery_splash': None, 'moderator_reporting': None, 'version': 1775951553702, 'large': False, 'incidents_data': None, 'max_members': 25000000, 'premium_tier': 0, 'explicit_content_filter': 0, 'max_video_channel_users': 25, 'stickers': []}}
[2026-04-11 21:35:30] [DEBUG   ] discord.client: Dispatching event socket_event_type
[2026-04-11 21:35:30] [DEBUG   ] discord.gateway: For Shard ID None: WebSocket Event: {'t': 'GUILD_MEMBERS_CHUNK', 's': 3, 'op': 0, 'd': {'nonce': 'fa548f799f22e7c6b18e5911ef127d0b', 'members': [{'user': {'username': 'nick_reznee', 'public_flags': 0, 'primary_guild': None, 'id': '269183506838585345', 'global_name': None, 'display_name_styles': None, 'display_name': None, 'discriminator': '0', 'collectibles': None, 'bot': False, 'avatar_decoration_data': None, 'avatar': '0f0ff1891b44ec3128b62cb66ee825b7'}, 'roles': [], 'premium_since': None, 'pending': False, 'nick': None, 'mute': False, 'joined_at': '2026-04-05T04:59:17.766000+00:00', 'flags': 0, 'deaf': False, 'communication_disabled_until': None, 'banner': None, 'avatar': None}, {'user': {'username': 'SAP Draft Bot', 'public_flags': 0, 'primary_guild': None, 'id': '1490212817830416464', 'global_name': None, 'display_name_styles': None, 'display_name': None, 'discriminator': '2413', 'collectibles': None, 'bot': True, 'avatar_decoration_data': None, 'avatar': None}, 'roles': ['1490214303138320537'], 'premium_since': None, 'pending': False, 'nick': None, 'mute': False, 'joined_at': '2026-04-05T04:59:36.816000+00:00', 'flags': 0, 'deaf': False, 'communication_disabled_until': None, 'banner': None, 'avatar': None}], 'guild_id': '1490214223538815067', 'chunk_index': 0, 'chunk_count': 1}}
[2026-04-11 21:35:30] [DEBUG   ] discord.client: Dispatching event socket_event_type
[2026-04-11 21:35:30] [DEBUG   ] discord.state: Processed a chunk for 2 members in guild ID 1490214223538815067.
[2026-04-11 21:35:32] [DEBUG   ] discord.client: Dispatching event guild_available
[2026-04-11 21:35:32] [DEBUG   ] discord.client: Dispatching event ready
[2026-04-11 21:35:32] [DEBUG   ] discord.gateway: For Shard ID None: WebSocket Event: {'t': 'TYPING_START', 's': 4, 'op': 0, 'd': {'user_id': '269183506838585345', 'timestamp': 1775957733, 'member': {'user': {'username': 'nick_reznee', 'public_flags': 0, 'primary_guild': None, 'id': '269183506838585345', 'global_name': None, 'display_name_styles': None, 'display_name': None, 'discriminator': '0', 'collectibles': None, 'bot': False, 'avatar_decoration_data': None, 'avatar': '0f0ff1891b44ec3128b62cb66ee825b7'}, 'roles': [], 'premium_since': None, 'pending': False, 'nick': None, 'mute': False, 'joined_at': '2026-04-05T04:59:17.766000+00:00', 'flags': 0, 'deaf': False, 'communication_disabled_until': None, 'banner': None, 'avatar': None}, 'channel_id': '1490214224465629316', 'guild_id': '1490214223538815067'}}
[2026-04-11 21:35:32] [DEBUG   ] discord.client: Dispatching event socket_event_type
[2026-04-11 21:35:32] [DEBUG   ] discord.client: Dispatching event typing
[2026-04-11 21:35:32] [DEBUG   ] discord.client: Dispatching event raw_typing
[2026-04-11 21:35:33] [DEBUG   ] discord.gateway: For Shard ID None: WebSocket Event: {'t': 'MESSAGE_CREATE', 's': 5, 'op': 0, 'd': {'type': 0, 'tts': False, 'timestamp': '2026-04-12T01:35:33.779000+00:00', 'pinned': False, 'nonce': '1492699664594501632', 'mentions': [], 'mention_roles': [], 'mention_everyone': False, 'member': {'roles': [], 'premium_since': None, 'pending': False, 'nick': None, 'mute': False, 'joined_at': '2026-04-05T04:59:17.766000+00:00', 'flags': 0, 'deaf': False, 'communication_disabled_until': None, 'banner': None, 'avatar': None}, 'id': '1492699667618726008', 'flags': 0, 'embeds': [], 'edited_timestamp': None, 'content': '!create_lobby', 'components': [], 'channel_type': 0, 'channel_id': '1490214224465629316', 'author': {'username': 'nick_reznee', 'public_flags': 0, 'primary_guild': None, 'id': '269183506838585345', 'global_name': None, 'display_name_styles': None, 'discriminator': '0', 'collectibles': None, 'clan': None, 'avatar_decoration_data': None, 'avatar': '0f0ff1891b44ec3128b62cb66ee825b7'}, 'attachments': [], 'guild_id': '1490214223538815067'}}
[2026-04-11 21:35:33] [DEBUG   ] discord.client: Dispatching event socket_event_type
[2026-04-11 21:35:33] [DEBUG   ] discord.client: Dispatching event message
[2026-04-11 21:35:33] [DEBUG   ] discord.client: Dispatching event command
[2026-04-11 21:35:33] [DEBUG   ] discord.gateway: For Shard ID None: WebSocket Event: {'t': 'CHANNEL_CREATE', 's': 6, 'op': 0, 'd': {'version': 1775957733897, 'type': 0, 'topic': None, 'rate_limit_per_user': 0, 'position': 1, 'permission_overwrites': [], 'parent_id': None, 'nsfw': False, 'name': 'nick_reznee-lobby', 'last_message_id': None, 'id': '1492699667685969973', 'guild_id': '1490214223538815067', 'flags': 0}}
[2026-04-11 21:35:33] [DEBUG   ] discord.client: Dispatching event socket_event_type
[2026-04-11 21:35:33] [DEBUG   ] discord.client: Dispatching event guild_channel_create
[2026-04-11 21:35:33] [DEBUG   ] discord.http: POST https://discord.com/api/v10/guilds/1490214223538815067/channels with {"type":0,"name":"nick_reznee Lobby","permission_overwrites":[]} has returned 201
[2026-04-11 21:35:33] [DEBUG   ] discord.http: POST /guilds/{guild_id}/channels has found its initial rate limit bucket hash (be56019ae011689ff5baf218062aacf5).
[2026-04-11 21:35:33] [DEBUG   ] discord.http: POST https://discord.com/api/v10/guilds/1490214223538815067/channels has received {'id': '1492699667685969973', 'type': 0, 'last_message_id': None, 'flags': 0, 'guild_id': '1490214223538815067', 'name': 'nick_reznee-lobby', 'parent_id': None, 'rate_limit_per_user': 0, 'topic': None, 'position': 1, 'permission_overwrites': [], 'nsfw': False}
[2026-04-11 21:35:33] [DEBUG   ] discord.gateway: For Shard ID None: WebSocket Event: {'t': 'MESSAGE_CREATE', 's': 7, 'op': 0, 'd': {'type': 0, 'tts': False, 'timestamp': '2026-04-12T01:35:34.222000+00:00', 'pinned': False, 'nonce': '1024159652471558666', 'mentions': [{'username': 'nick_reznee', 'public_flags': 0, 'primary_guild': None, 'member': {'roles': [], 'premium_since': None, 'pending': False, 'nick': None, 'mute': False, 'joined_at': '2026-04-05T04:59:17.766000+00:00', 'flags': 0, 'deaf': False, 'communication_disabled_until': None, 'banner': None, 'avatar': None}, 'id': '269183506838585345', 'global_name': None, 'display_name_styles': None, 'discriminator': '0', 'collectibles': None, 'clan': None, 'avatar_decoration_data': None, 'avatar': '0f0ff1891b44ec3128b62cb66ee825b7'}], 'mention_roles': [], 'mention_everyone': False, 'member': {'roles': ['1490214303138320537'], 'premium_since': None, 'pending': False, 'nick': None, 'mute': False, 'joined_at': '2026-04-05T04:59:36.816000+00:00', 'flags': 0, 'deaf': False, 'communication_disabled_until': None, 'banner': None, 'avatar': None}, 'id': '1492699669476806726', 'flags': 0, 'embeds': [], 'edited_timestamp': None, 'content': 'New lobby created by <@269183506838585345>', 'components': [], 'channel_type': 0, 'channel_id': '1492699667685969973', 'author': {'username': 'SAP Draft Bot', 'public_flags': 0, 'primary_guild': None, 'id': '1490212817830416464', 'global_name': None, 'display_name_styles': None, 'discriminator': '2413', 'collectibles': None, 'clan': None, 'bot': True, 'avatar_decoration_data': None, 'avatar': None}, 'attachments': [], 'guild_id': '1490214223538815067'}}
[2026-04-11 21:35:33] [DEBUG   ] discord.client: Dispatching event socket_event_type
[2026-04-11 21:35:33] [DEBUG   ] discord.client: Dispatching event message
[2026-04-11 21:35:33] [DEBUG   ] discord.http: POST https://discord.com/api/v10/channels/1492699667685969973/messages with {"content":"New lobby created by <@269183506838585345>","components":[],"nonce":"1024159652471558666","enforce_nonce":true,"tts":false} has returned 200
[2026-04-11 21:35:33] [DEBUG   ] discord.http: POST /channels/{channel_id}/messages has found its initial rate limit bucket hash (62df3a8bf3cb0dd93018dd80d06039f6).
[2026-04-11 21:35:33] [DEBUG   ] discord.http: POST https://discord.com/api/v10/channels/1492699667685969973/messages has received {'type': 0, 'content': 'New lobby created by <@269183506838585345>', 'mentions': [{'id': '269183506838585345', 'username': 'nick_reznee', 'avatar': '0f0ff1891b44ec3128b62cb66ee825b7', 'discriminator': '0', 'public_flags': 0, 'flags': 0, 'banner': None, 'accent_color': 3648618, 'global_name': None, 'avatar_decoration_data': None, 'collectibles': None, 'display_name_styles': None, 'banner_color': '#37ac6a', 'clan': None, 'primary_guild': None}], 'mention_roles': [], 'attachments': [], 'embeds': [], 'timestamp': '2026-04-12T01:35:34.222000+00:00', 'edited_timestamp': None, 'flags': 0, 'components': [], 'id': '1492699669476806726', 'channel_id': '1492699667685969973', 'author': {'id': '1490212817830416464', 'username': 'SAP Draft Bot', 'avatar': None, 'discriminator': '2413', 'public_flags': 0, 'flags': 0, 'bot': True, 'banner': None, 'accent_color': None, 'global_name': None, 'avatar_decoration_data': None, 'collectibles': None, 'display_name_styles': None, 'banner_color': None, 'clan': None, 'primary_guild': None}, 'pinned': False, 'mention_everyone': False, 'tts': False, 'nonce': '1024159652471558666'}
[2026-04-11 21:35:33] [DEBUG   ] discord.client: Dispatching event command_completion
[2026-04-11 21:35:44] [DEBUG   ] discord.gateway: For Shard ID None: WebSocket Event: {'t': 'TYPING_START', 's': 8, 'op': 0, 'd': {'user_id': '269183506838585345', 'timestamp': 1775957744, 'member': {'user': {'username': 'nick_reznee', 'public_flags': 0, 'primary_guild': None, 'id': '269183506838585345', 'global_name': None, 'display_name_styles': None, 'display_name': None, 'discriminator': '0', 'collectibles': None, 'bot': False, 'avatar_decoration_data': None, 'avatar': '0f0ff1891b44ec3128b62cb66ee825b7'}, 'roles': [], 'premium_since': None, 'pending': False, 'nick': None, 'mute': False, 'joined_at': '2026-04-05T04:59:17.766000+00:00', 'flags': 0, 'deaf': False, 'communication_disabled_until': None, 'banner': None, 'avatar': None}, 'channel_id': '1492699667685969973', 'guild_id': '1490214223538815067'}}
[2026-04-11 21:35:44] [DEBUG   ] discord.client: Dispatching event socket_event_type
[2026-04-11 21:35:44] [DEBUG   ] discord.client: Dispatching event typing
[2026-04-11 21:35:44] [DEBUG   ] discord.client: Dispatching event raw_typing
[2026-04-11 21:35:45] [DEBUG   ] discord.gateway: For Shard ID None: WebSocket Event: {'t': 'MESSAGE_CREATE', 's': 9, 'op': 0, 'd': {'type': 0, 'tts': False, 'timestamp': '2026-04-12T01:35:45.729000+00:00', 'pinned': False, 'nonce': '1492699714825486336', 'mentions': [], 'mention_roles': [], 'mention_everyone': False, 'member': {'roles': [], 'premium_since': None, 'pending': False, 'nick': None, 'mute': False, 'joined_at': '2026-04-05T04:59:17.766000+00:00', 'flags': 0, 'deaf': False, 'communication_disabled_until': None, 'banner': None, 'avatar': None}, 'id': '1492699717740531743', 'flags': 0, 'embeds': [], 'edited_timestamp': None, 'content': '!close_lobby', 'components': [], 'channel_type': 0, 'channel_id': '1492699667685969973', 'author': {'username': 'nick_reznee', 'public_flags': 0, 'primary_guild': None, 'id': '269183506838585345', 'global_name': None, 'display_name_styles': None, 'discriminator': '0', 'collectibles': None, 'clan': None, 'avatar_decoration_data': None, 'avatar': '0f0ff1891b44ec3128b62cb66ee825b7'}, 'attachments': [], 'guild_id': '1490214223538815067'}}
[2026-04-11 21:35:45] [DEBUG   ] discord.client: Dispatching event socket_event_type
[2026-04-11 21:35:45] [DEBUG   ] discord.client: Dispatching event message
[2026-04-11 21:35:45] [DEBUG   ] discord.client: Dispatching event command
[2026-04-11 21:35:45] [DEBUG   ] discord.http: DELETE https://discord.com/api/v10/channels/1492699667685969973 with None has returned 200
[2026-04-11 21:35:45] [DEBUG   ] discord.http: DELETE /channels/{channel_id} has found its initial rate limit bucket hash (fa219a28141de0d32b282911f0453428).
[2026-04-11 21:35:45] [DEBUG   ] discord.http: DELETE https://discord.com/api/v10/channels/1492699667685969973 has received {'id': '1492699667685969973', 'type': 0, 'last_message_id': '1492699717740531743', 'flags': 0, 'guild_id': '1490214223538815067', 'name': 'nick_reznee-lobby', 'parent_id': None, 'rate_limit_per_user': 0, 'topic': None, 'position': 1, 'permission_overwrites': [], 'nsfw': False}
[2026-04-11 21:35:45] [DEBUG   ] discord.client: Dispatching event command_completion
[2026-04-11 21:35:45] [DEBUG   ] discord.gateway: For Shard ID None: WebSocket Event: {'t': 'CHANNEL_DELETE', 's': 10, 'op': 0, 'd': {'version': 1775957745925, 'type': 0, 'topic': None, 'rate_limit_per_user': 0, 'position': 1, 'permission_overwrites': [], 'parent_id': None, 'nsfw': False, 'name': 'nick_reznee-lobby', 'last_message_id': '1492699717740531743', 'id': '1492699667685969973', 'guild_id': '1490214223538815067', 'flags': 0}}
[2026-04-11 21:35:45] [DEBUG   ] discord.client: Dispatching event socket_event_type
[2026-04-11 21:35:45] [DEBUG   ] discord.client: Dispatching event guild_channel_delete
[2026-04-11 21:36:11] [DEBUG   ] discord.gateway: Keeping shard ID None websocket alive with sequence 10.
[2026-04-11 21:36:11] [DEBUG   ] discord.gateway: For Shard ID None: WebSocket Event: {'t': None, 's': None, 'op': 11, 'd': None}
[2026-04-11 21:36:52] [DEBUG   ] discord.gateway: Keeping shard ID None websocket alive with sequence 10.
[2026-04-11 21:36:52] [DEBUG   ] discord.gateway: For Shard ID None: WebSocket Event: {'t': None, 's': None, 'op': 11, 'd': None}
[2026-04-11 21:37:33] [DEBUG   ] discord.gateway: Keeping shard ID None websocket alive with sequence 10.
[2026-04-11 21:37:33] [DEBUG   ] discord.gateway: For Shard ID None: WebSocket Event: {'t': None, 's': None, 'op': 11, 'd': None}
[2026-04-11 21:38:14] [DEBUG   ] discord.gateway: Keeping shard ID None websocket alive with sequence 10.
[2026-04-11 21:38:14] [DEBUG   ] discord.gateway: For Shard ID None: WebSocket Event: {'t': None, 's': None, 'op': 11, 'd': None}
[2026-04-11 21:38:56] [DEBUG   ] discord.gateway: Keeping shard ID None websocket alive with sequence 10.
[2026-04-11 21:38:56] [DEBUG   ] discord.gateway: For Shard ID None: WebSocket Event: {'t': None, 's': None, 'op': 11, 'd': None}
[2026-04-11 21:39:37] [DEBUG   ] discord.gateway: Keeping shard ID None websocket alive with sequence 10.
[2026-04-11 21:39:37] [DEBUG   ] discord.gateway: For Shard ID None: WebSocket Event: {'t': None, 's': None, 'op': 11, 'd': None}
[2026-04-11 21:40:18] [DEBUG   ] discord.gateway: Keeping shard ID None websocket alive with sequence 10.
[2026-04-11 21:40:18] [DEBUG   ] discord.gateway: For Shard ID None: WebSocket Event: {'t': None, 's': None, 'op': 11, 'd': None}
[2026-04-11 21:40:59] [DEBUG   ] discord.gateway: Keeping shard ID None websocket alive with sequence 10.
[2026-04-11 21:40:59] [DEBUG   ] discord.gateway: For Shard ID None: WebSocket Event: {'t': None, 's': None, 'op': 11, 'd': None}
[2026-04-11 21:41:41] [DEBUG   ] discord.gateway: Keeping shard ID None websocket alive with sequence 10.
[2026-04-11 21:41:41] [DEBUG   ] discord.gateway: For Shard ID None: WebSocket Event: {'t': None, 's': None, 'op': 11, 'd': None}
[2026-04-11 21:42:22] [DEBUG   ] discord.gateway: Keeping shard ID None websocket alive with sequence 10.
[2026-04-11 21:42:22] [DEBUG   ] discord.gateway: For Shard ID None: WebSocket Event: {'t': None, 's': None, 'op': 11, 'd': None}
[2026-04-11 21:43:03] [DEBUG   ] discord.gateway: Keeping shard ID None websocket alive with sequence 10.
[2026-04-11 21:43:03] [DEBUG   ] discord.gateway: For Shard ID None: WebSocket Event: {'t': None, 's': None, 'op': 11, 'd': None}
[2026-04-11 21:43:44] [DEBUG   ] discord.gateway: Keeping shard ID None websocket alive with sequence 10.
[2026-04-11 21:43:44] [DEBUG   ] discord.gateway: For Shard ID None: WebSocket Event: {'t': None, 's': None, 'op': 11, 'd': None}
[2026-04-11 21:44:26] [DEBUG   ] discord.gateway: Keeping shard ID None websocket alive with sequence 10.
[2026-04-11 21:44:26] [DEBUG   ] discord.gateway: For Shard ID None: WebSocket Event: {'t': None, 's': None, 'op': 11, 'd': None}
[2026-04-11 21:45:07] [DEBUG   ] discord.gateway: Keeping shard ID None websocket alive with sequence 10.
[2026-04-11 21:45:07] [DEBUG   ] discord.gateway: For Shard ID None: WebSocket Event: {'t': None, 's': None, 'op': 11, 'd': None}
[2026-04-11 21:45:48] [DEBUG   ] discord.gateway: Keeping shard ID None websocket alive with sequence 10.
[2026-04-11 21:45:48] [DEBUG   ] discord.gateway: For Shard ID None: WebSocket Event: {'t': None, 's': None, 'op': 11, 'd': None}
[2026-04-11 21:46:29] [DEBUG   ] discord.gateway: Keeping shard ID None websocket alive with sequence 10.
[2026-04-11 21:46:29] [DEBUG   ] discord.gateway: For Shard ID None: WebSocket Event: {'t': None, 's': None, 'op': 11, 'd': None}
[2026-04-11 21:47:11] [DEBUG   ] discord.gateway: Keeping shard ID None websocket alive with sequence 10.
[2026-04-11 21:47:11] [DEBUG   ] discord.gateway: For Shard ID None: WebSocket Event: {'t': None, 's': None, 'op': 11, 'd': None}
[2026-04-11 21:47:52] [DEBUG   ] discord.gateway: Keeping shard ID None websocket alive with sequence 10.
[2026-04-11 21:47:52] [DEBUG   ] discord.gateway: For Shard ID None: WebSocket Event: {'t': None, 's': None, 'op': 11, 'd': None}
[2026-04-11 21:48:33] [DEBUG   ] discord.gateway: Keeping shard ID None websocket alive with sequence 10.
[2026-04-11 21:48:33] [DEBUG   ] discord.gateway: For Shard ID None: WebSocket Event: {'t': None, 's': None, 'op': 11, 'd': None}
[2026-04-11 21:49:14] [DEBUG   ] discord.gateway: Keeping shard ID None websocket alive with sequence 10.
[2026-04-11 21:49:14] [DEBUG   ] discord.gateway: For Shard ID None: WebSocket Event: {'t': None, 's': None, 'op': 11, 'd': None}
[2026-04-11 21:49:56] [DEBUG   ] discord.gateway: Keeping shard ID None websocket alive with sequence 10.
[2026-04-11 21:49:56] [DEBUG   ] discord.gateway: For Shard ID None: WebSocket Event: {'t': None, 's': None, 'op': 11, 'd': None}
[2026-04-11 21:50:37] [DEBUG   ] discord.gateway: Keeping shard ID None websocket alive with sequence 10.
[2026-04-11 21:50:37] [DEBUG   ] discord.gateway: For Shard ID None: WebSocket Event: {'t': None, 's': None, 'op': 11, 'd': None}
[2026-04-11 21:51:18] [DEBUG   ] discord.gateway: Keeping shard ID None websocket alive with sequence 10.
[2026-04-11 21:51:18] [DEBUG   ] discord.gateway: For Shard ID None: WebSocket Event: {'t': None, 's': None, 'op': 11, 'd': None}
[2026-04-11 21:51:59] [DEBUG   ] discord.gateway: Keeping shard ID None websocket alive with sequence 10.
[2026-04-11 21:51:59] [DEBUG   ] discord.gateway: For Shard ID None: WebSocket Event: {'t': None, 's': None, 'op': 11, 'd': None}
[2026-04-11 21:52:41] [DEBUG   ] discord.gateway: Keeping shard ID None websocket alive with sequence 10.
[2026-04-11 21:52:41] [DEBUG   ] discord.gateway: For Shard ID None: WebSocket Event: {'t': None, 's': None, 'op': 11, 'd': None}
[2026-04-11 21:53:22] [DEBUG   ] discord.gateway: Keeping shard ID None websocket alive with sequence 10.
[2026-04-11 21:53:22] [DEBUG   ] discord.gateway: For Shard ID None: WebSocket Event: {'t': None, 's': None, 'op': 11, 'd': None}
[2026-04-11 21:54:03] [DEBUG   ] discord.gateway: Keeping shard ID None websocket alive with sequence 10.
[2026-04-11 21:54:03] [DEBUG   ] discord.gateway: For Shard ID None: WebSocket Event: {'t': None, 's': None, 'op': 11, 'd': None}
[2026-04-11 21:54:44] [DEBUG   ] discord.gateway: Keeping shard ID None websocket alive with sequence 10.
[2026-04-11 21:54:44] [DEBUG   ] discord.gateway: For Shard ID None: WebSocket Event: {'t': None, 's': None, 'op': 11, 'd': None}
[2026-04-11 21:55:26] [DEBUG   ] discord.gateway: Keeping shard ID None websocket alive with sequence 10.
[2026-04-11 21:55:26] [DEBUG   ] discord.gateway: For Shard ID None: WebSocket Event: {'t': None, 's': None, 'op': 11, 'd': None}
[2026-04-11 21:56:07] [DEBUG   ] discord.gateway: Keeping shard ID None websocket alive with sequence 10.
[2026-04-11 21:56:07] [DEBUG   ] discord.gateway: For Shard ID None: WebSocket Event: {'t': None, 's': None, 'op': 11, 'd': None}
[2026-04-11 21:56:48] [DEBUG   ] discord.gateway: Keeping shard ID None websocket alive with sequence 10.
[2026-04-11 21:56:48] [DEBUG   ] discord.gateway: For Shard ID None: WebSocket Event: {'t': None, 's': None, 'op': 11, 'd': None}
[2026-04-11 21:57:29] [DEBUG   ] discord.gateway: Keeping shard ID None websocket alive with sequence 10.
[2026-04-11 21:57:29] [DEBUG   ] discord.gateway: For Shard ID None: WebSocket Event: {'t': None, 's': None, 'op': 11, 'd': None}
[2026-04-11 21:58:11] [DEBUG   ] discord.gateway: Keeping shard ID None websocket alive with sequence 10.
[2026-04-11 21:58:11] [DEBUG   ] discord.gateway: For Shard ID None: WebSocket Event: {'t': None, 's': None, 'op': 11, 'd': None}
[2026-04-11 21:58:52] [DEBUG   ] discord.gateway: Keeping shard ID None websocket alive with sequence 10.
[2026-04-11 21:58:52] [DEBUG   ] discord.gateway: For Shard ID None: WebSocket Event: {'t': None, 's': None, 'op': 11, 'd': None}
[2026-04-11 21:59:33] [DEBUG   ] discord.gateway: Keeping shard ID None websocket alive with sequence 10.
[2026-04-11 21:59:33] [DEBUG   ] discord.gateway: For Shard ID None: WebSocket Event: {'t': None, 's': None, 'op': 11, 'd': None}
[2026-04-11 22:00:14] [DEBUG   ] discord.gateway: Keeping shard ID None websocket alive with sequence 10.
[2026-04-11 22:00:14] [DEBUG   ] discord.gateway: For Shard ID None: WebSocket Event: {'t': None, 's': None, 'op': 11, 'd': None}
[2026-04-11 22:00:56] [DEBUG   ] discord.gateway: Keeping shard ID None websocket alive with sequence 10.
[2026-04-11 22:00:56] [DEBUG   ] discord.gateway: For Shard ID None: WebSocket Event: {'t': None, 's': None, 'op': 11, 'd': None}
[2026-04-11 22:01:37] [DEBUG   ] discord.gateway: Keeping shard ID None websocket alive with sequence 10.
[2026-04-11 22:01:37] [DEBUG   ] discord.gateway: For Shard ID None: WebSocket Event: {'t': None, 's': None, 'op': 11, 'd': None}
[2026-04-11 22:02:18] [DEBUG   ] discord.gateway: Keeping shard ID None websocket alive with sequence 10.
[2026-04-11 22:02:18] [DEBUG   ] discord.gateway: For Shard ID None: WebSocket Event: {'t': None, 's': None, 'op': 11, 'd': None}
[2026-04-11 22:03:00] [DEBUG   ] discord.gateway: Keeping shard ID None websocket alive with sequence 10.
[2026-04-11 22:03:00] [DEBUG   ] discord.gateway: For Shard ID None: WebSocket Event: {'t': None, 's': None, 'op': 11, 'd': None}
[2026-04-11 22:03:41] [DEBUG   ] discord.gateway: Keeping shard ID None websocket alive with sequence 10.
[2026-04-11 22:03:41] [DEBUG   ] discord.gateway: For Shard ID None: WebSocket Event: {'t': None, 's': None, 'op': 11, 'd': None}
[2026-04-11 22:04:22] [DEBUG   ] discord.gateway: Keeping shard ID None websocket alive with sequence 10.
[2026-04-11 22:04:22] [DEBUG   ] discord.gateway: For Shard ID None: WebSocket Event: {'t': None, 's': None, 'op': 11, 'd': None}
[2026-04-11 22:05:03] [DEBUG   ] discord.gateway: Keeping shard ID None websocket alive with sequence 10.
[2026-04-11 22:05:03] [DEBUG   ] discord.gateway: For Shard ID None: WebSocket Event: {'t': None, 's': None, 'op': 11, 'd': None}
[2026-04-11 22:05:45] [DEBUG   ] discord.gateway: Keeping shard ID None websocket alive with sequence 10.
[2026-04-11 22:05:45] [DEBUG   ] discord.gateway: For Shard ID None: WebSocket Event: {'t': None, 's': None, 'op': 11, 'd': None}
[2026-04-11 22:06:26] [DEBUG   ] discord.gateway: Keeping shard ID None websocket alive with sequence 10.
[2026-04-11 22:06:26] [DEBUG   ] discord.gateway: For Shard ID None: WebSocket Event: {'t': None, 's': None, 'op': 11, 'd': None}
[2026-04-11 22:07:07] [DEBUG   ] discord.gateway: Keeping shard ID None websocket alive with sequence 10.
[2026-04-11 22:07:07] [DEBUG   ] discord.gateway: For Shard ID None: WebSocket Event: {'t': None, 's': None, 'op': 11, 'd': None}
[2026-04-11 22:07:48] [DEBUG   ] discord.gateway: Keeping shard ID None websocket alive with sequence 10.
[2026-04-11 22:07:48] [DEBUG   ] discord.gateway: For Shard ID None: WebSocket Event: {'t': None, 's': None, 'op': 11, 'd': None}
[2026-04-11 22:08:30] [DEBUG   ] discord.gateway: Keeping shard ID None websocket alive with sequence 10.
[2026-04-11 22:08:30] [DEBUG   ] discord.gateway: For Shard ID None: WebSocket Event: {'t': None, 's': None, 'op': 11, 'd': None}
[2026-04-11 22:09:11] [DEBUG   ] discord.gateway: Keeping shard ID None websocket alive with sequence 10.
[2026-04-11 22:09:11] [DEBUG   ] discord.gateway: For Shard ID None: WebSocket Event: {'t': None, 's': None, 'op': 11, 'd': None}
[2026-04-11 22:09:52] [DEBUG   ] discord.gateway: Keeping shard ID None websocket alive with sequence 10.
[2026-04-11 22:09:52] [DEBUG   ] discord.gateway: For Shard ID None: WebSocket Event: {'t': None, 's': None, 'op': 11, 'd': None}
[2026-04-11 22:10:33] [DEBUG   ] discord.gateway: Keeping shard ID None websocket alive with sequence 10.
[2026-04-11 22:10:33] [DEBUG   ] discord.gateway: For Shard ID None: WebSocket Event: {'t': None, 's': None, 'op': 11, 'd': None}
[2026-04-11 22:11:15] [DEBUG   ] discord.gateway: Keeping shard ID None websocket alive with sequence 10.
[2026-04-11 22:11:15] [DEBUG   ] discord.gateway: For Shard ID None: WebSocket Event: {'t': None, 's': None, 'op': 11, 'd': None}
[2026-04-11 22:11:56] [DEBUG   ] discord.gateway: Keeping shard ID None websocket alive with sequence 10.
[2026-04-11 22:11:56] [DEBUG   ] discord.gateway: For Shard ID None: WebSocket Event: {'t': None, 's': None, 'op': 11, 'd': None}
[2026-04-11 22:12:37] [DEBUG   ] discord.gateway: Keeping shard ID None websocket alive with sequence 10.
[2026-04-11 22:12:37] [DEBUG   ] discord.gateway: For Shard ID None: WebSocket Event: {'t': None, 's': None, 'op': 11, 'd': None}
[2026-04-11 22:13:18] [DEBUG   ] discord.gateway: Keeping shard ID None websocket alive with sequence 10.
[2026-04-11 22:13:18] [DEBUG   ] discord.gateway: For Shard ID None: WebSocket Event: {'t': None, 's': None, 'op': 11, 'd': None}
[2026-04-11 22:14:00] [DEBUG   ] discord.gateway: Keeping shard ID None websocket alive with sequence 10.
[2026-04-11 22:14:00] [DEBUG   ] discord.gateway: For Shard ID None: WebSocket Event: {'t': None, 's': None, 'op': 11, 'd': None}
[2026-04-11 22:14:41] [DEBUG   ] discord.gateway: Keeping shard ID None websocket alive with sequence 10.
[2026-04-11 22:14:41] [DEBUG   ] discord.gateway: For Shard ID None: WebSocket Event: {'t': None, 's': None, 'op': 11, 'd': None}
[2026-04-11 22:15:22] [DEBUG   ] discord.gateway: Keeping shard ID None websocket alive with sequence 10.
[2026-04-11 22:15:22] [DEBUG   ] discord.gateway: For Shard ID None: WebSocket Event: {'t': None, 's': None, 'op': 11, 'd': None}
[2026-04-11 22:16:03] [DEBUG   ] discord.gateway: Keeping shard ID None websocket alive with sequence 10.
[2026-04-11 22:16:03] [DEBUG   ] discord.gateway: For Shard ID None: WebSocket Event: {'t': None, 's': None, 'op': 11, 'd': None}
[2026-04-11 22:16:45] [DEBUG   ] discord.gateway: Keeping shard ID None websocket alive with sequence 10.
[2026-04-11 22:16:45] [DEBUG   ] discord.gateway: For Shard ID None: WebSocket Event: {'t': None, 's': None, 'op': 11, 'd': None}
[2026-04-11 22:17:26] [DEBUG   ] discord.gateway: Keeping shard ID None websocket alive with sequence 10.
[2026-04-11 22:17:26] [DEBUG   ] discord.gateway: For Shard ID None: WebSocket Event: {'t': None, 's': None, 'op': 11, 'd': None}
[2026-04-11 22:18:07] [DEBUG   ] discord.gateway: Keeping shard ID None websocket alive with sequence 10.
[2026-04-11 22:18:07] [DEBUG   ] discord.gateway: For Shard ID None: WebSocket Event: {'t': None, 's': None, 'op': 11, 'd': None}
[2026-04-11 22:18:48] [DEBUG   ] discord.gateway: Keeping shard ID None websocket alive with sequence 10.
[2026-04-11 22:18:48] [DEBUG   ] discord.gateway: For Shard ID None: WebSocket Event: {'t': None, 's': None, 'op': 11, 'd': None}
[2026-04-11 22:19:30] [DEBUG   ] discord.gateway: Keeping shard ID None websocket alive with sequence 10.
[2026-04-11 22:19:30] [DEBUG   ] discord.gateway: For Shard ID None: WebSocket Event: {'t': None, 's': None, 'op': 11, 'd': None}
[2026-04-11 22:20:11] [DEBUG   ] discord.gateway: Keeping shard ID None websocket alive with sequence 10.
[2026-04-11 22:20:11] [DEBUG   ] discord.gateway: For Shard ID None: WebSocket Event: {'t': None, 's': None, 'op': 11, 'd': None}
[2026-04-11 22:20:52] [DEBUG   ] discord.gateway: Keeping shard ID None websocket alive with sequence 10.
[2026-04-11 22:20:52] [DEBUG   ] discord.gateway: For Shard ID None: WebSocket Event: {'t': None, 's': None, 'op': 11, 'd': None}
[2026-04-11 22:21:33] [DEBUG   ] discord.gateway: Keeping shard ID None websocket alive with sequence 10.
[2026-04-11 22:21:34] [DEBUG   ] discord.gateway: For Shard ID None: WebSocket Event: {'t': None, 's': None, 'op': 11, 'd': None}
[2026-04-11 22:22:15] [DEBUG   ] discord.gateway: Keeping shard ID None websocket alive with sequence 10.
[2026-04-11 22:22:15] [DEBUG   ] discord.gateway: For Shard ID None: WebSocket Event: {'t': None, 's': None, 'op': 11, 'd': None}
[2026-04-11 22:22:56] [DEBUG   ] discord.gateway: Keeping shard ID None websocket alive with sequence 10.
[2026-04-11 22:22:56] [DEBUG   ] discord.gateway: For Shard ID None: WebSocket Event: {'t': None, 's': None, 'op': 11, 'd': None}
[2026-04-11 22:23:37] [DEBUG   ] discord.gateway: Keeping shard ID None websocket alive with sequence 10.
[2026-04-11 22:23:37] [DEBUG   ] discord.gateway: For Shard ID None: WebSocket Event: {'t': None, 's': None, 'op': 11, 'd': None}
[2026-04-11 22:24:19] [DEBUG   ] discord.gateway: Keeping shard ID None websocket alive with sequence 10.
[2026-04-11 22:24:19] [DEBUG   ] discord.gateway: For Shard ID None: WebSocket Event: {'t': None, 's': None, 'op': 11, 'd': None}
[2026-04-11 22:25:00] [DEBUG   ] discord.gateway: Keeping shard ID None websocket alive with sequence 10.
[2026-04-11 22:25:00] [DEBUG   ] discord.gateway: For Shard ID None: WebSocket Event: {'t': None, 's': None, 'op': 11, 'd': None}
[2026-04-11 22:25:41] [DEBUG   ] discord.gateway: Keeping shard ID None websocket alive with sequence 10.
[2026-04-11 22:25:41] [DEBUG   ] discord.gateway: For Shard ID None: WebSocket Event: {'t': None, 's': None, 'op': 11, 'd': None}
[2026-04-11 22:26:22] [DEBUG   ] discord.gateway: Keeping shard ID None websocket alive with sequence 10.
[2026-04-11 22:26:22] [DEBUG   ] discord.gateway: For Shard ID None: WebSocket Event: {'t': None, 's': None, 'op': 11, 'd': None}
[2026-04-11 22:27:04] [DEBUG   ] discord.gateway: Keeping shard ID None websocket alive with sequence 10.
[2026-04-11 22:27:04] [DEBUG   ] discord.gateway: For Shard ID None: WebSocket Event: {'t': None, 's': None, 'op': 11, 'd': None}
[2026-04-11 22:27:45] [DEBUG   ] discord.gateway: Keeping shard ID None websocket alive with sequence 10.
[2026-04-11 22:27:45] [DEBUG   ] discord.gateway: For Shard ID None: WebSocket Event: {'t': None, 's': None, 'op': 11, 'd': None}
[2026-04-11 22:28:26] [DEBUG   ] discord.gateway: Keeping shard ID None websocket alive with sequence 10.
[2026-04-11 22:28:26] [DEBUG   ] discord.gateway: For Shard ID None: WebSocket Event: {'t': None, 's': None, 'op': 11, 'd': None}
[2026-04-11 22:29:07] [DEBUG   ] discord.gateway: Keeping shard ID None websocket alive with sequence 10.
[2026-04-11 22:29:07] [DEBUG   ] discord.gateway: For Shard ID None: WebSocket Event: {'t': None, 's': None, 'op': 11, 'd': None}
[2026-04-11 22:29:49] [DEBUG   ] discord.gateway: Keeping shard ID None websocket alive with sequence 10.
[2026-04-11 22:29:49] [DEBUG   ] discord.gateway: For Shard ID None: WebSocket Event: {'t': None, 's': None, 'op': 11, 'd': None}
[2026-04-11 22:30:30] [DEBUG   ] discord.gateway: Keeping shard ID None websocket alive with sequence 10.
[2026-04-11 22:30:30] [DEBUG   ] discord.gateway: For Shard ID None: WebSocket Event: {'t': None, 's': None, 'op': 11, 'd': None}
[2026-04-11 22:31:11] [DEBUG   ] discord.gateway: Keeping shard ID None websocket alive with sequence 10.
[2026-04-11 22:31:11] [DEBUG   ] discord.gateway: For Shard ID None: WebSocket Event: {'t': None, 's': None, 'op': 11, 'd': None}
[2026-04-11 22:31:52] [DEBUG   ] discord.gateway: Keeping shard ID None websocket alive with sequence 10.
[2026-04-11 22:31:52] [DEBUG   ] discord.gateway: For Shard ID None: WebSocket Event: {'t': None, 's': None, 'op': 11, 'd': None}
[2026-04-11 22:32:34] [DEBUG   ] discord.gateway: Keeping shard ID None websocket alive with sequence 10.
[2026-04-11 22:32:34] [DEBUG   ] discord.gateway: For Shard ID None: WebSocket Event: {'t': None, 's': None, 'op': 11, 'd': None}
[2026-04-11 22:33:15] [DEBUG   ] discord.gateway: Keeping shard ID None websocket alive with sequence 10.
[2026-04-11 22:33:15] [DEBUG   ] discord.gateway: For Shard ID None: WebSocket Event: {'t': None, 's': None, 'op': 11, 'd': None}
[2026-04-11 22:33:56] [DEBUG   ] discord.gateway: Keeping shard ID None websocket alive with sequence 10.
[2026-04-11 22:33:56] [DEBUG   ] discord.gateway: For Shard ID None: WebSocket Event: {'t': None, 's': None, 'op': 11, 'd': None}
[2026-04-11 22:34:37] [DEBUG   ] discord.gateway: Keeping shard ID None websocket alive with sequence 10.
[2026-04-11 22:34:37] [DEBUG   ] discord.gateway: For Shard ID None: WebSocket Event: {'t': None, 's': None, 'op': 11, 'd': None}
[2026-04-11 22:35:19] [DEBUG   ] discord.gateway: Keeping shard ID None websocket alive with sequence 10.
[2026-04-11 22:35:19] [DEBUG   ] discord.gateway: For Shard ID None: WebSocket Event: {'t': None, 's': None, 'op': 11, 'd': None}
[2026-04-11 22:36:00] [DEBUG   ] discord.gateway: Keeping shard ID None websocket alive with sequence 10.
[2026-04-11 22:36:00] [DEBUG   ] discord.gateway: For Shard ID None: WebSocket Event: {'t': None, 's': None, 'op': 11, 'd': None}
[2026-04-11 22:36:41] [DEBUG   ] discord.gateway: Keeping shard ID None websocket alive with sequence 10.
[2026-04-11 22:36:41] [DEBUG   ] discord.gateway: For Shard ID None: WebSocket Event: {'t': None, 's': None, 'op': 11, 'd': None}
[2026-04-11 22:37:22] [DEBUG   ] discord.gateway: Keeping shard ID None websocket alive with sequence 10.
[2026-04-11 22:37:23] [DEBUG   ] discord.gateway: For Shard ID None: WebSocket Event: {'t': None, 's': None, 'op': 11, 'd': None}
[2026-04-11 22:38:04] [DEBUG   ] discord.gateway: Keeping shard ID None websocket alive with sequence 10.
[2026-04-11 22:38:04] [DEBUG   ] discord.gateway: For Shard ID None: WebSocket Event: {'t': None, 's': None, 'op': 11, 'd': None}
[2026-04-11 22:38:45] [DEBUG   ] discord.gateway: Keeping shard ID None websocket alive with sequence 10.
[2026-04-11 22:38:45] [DEBUG   ] discord.gateway: For Shard ID None: WebSocket Event: {'t': None, 's': None, 'op': 11, 'd': None}
[2026-04-11 22:39:26] [DEBUG   ] discord.gateway: Keeping shard ID None websocket alive with sequence 10.
[2026-04-11 22:39:26] [DEBUG   ] discord.gateway: For Shard ID None: WebSocket Event: {'t': None, 's': None, 'op': 11, 'd': None}
[2026-04-11 22:40:08] [DEBUG   ] discord.gateway: Keeping shard ID None websocket alive with sequence 10.
[2026-04-11 22:40:08] [DEBUG   ] discord.gateway: For Shard ID None: WebSocket Event: {'t': None, 's': None, 'op': 11, 'd': None}
[2026-04-11 22:40:49] [DEBUG   ] discord.gateway: Keeping shard ID None websocket alive with sequence 10.
[2026-04-11 22:40:49] [DEBUG   ] discord.gateway: For Shard ID None: WebSocket Event: {'t': None, 's': None, 'op': 11, 'd': None}
[2026-04-11 22:41:30] [DEBUG   ] discord.gateway: Keeping shard ID None websocket alive with sequence 10.
[2026-04-11 22:41:30] [DEBUG   ] discord.gateway: For Shard ID None: WebSocket Event: {'t': None, 's': None, 'op': 11, 'd': None}
[2026-04-11 22:42:11] [DEBUG   ] discord.gateway: Keeping shard ID None websocket alive with sequence 10.
[2026-04-11 22:42:11] [DEBUG   ] discord.gateway: For Shard ID None: WebSocket Event: {'t': None, 's': None, 'op': 11, 'd': None}
[2026-04-11 22:42:53] [DEBUG   ] discord.gateway: Keeping shard ID None websocket alive with sequence 10.
[2026-04-11 22:42:53] [DEBUG   ] discord.gateway: For Shard ID None: WebSocket Event: {'t': None, 's': None, 'op': 11, 'd': None}
[2026-04-11 22:43:34] [DEBUG   ] discord.gateway: Keeping shard ID None websocket alive with sequence 10.
[2026-04-11 22:43:34] [DEBUG   ] discord.gateway: For Shard ID None: WebSocket Event: {'t': None, 's': None, 'op': 11, 'd': None}
[2026-04-11 22:44:15] [DEBUG   ] discord.gateway: Keeping shard ID None websocket alive with sequence 10.
[2026-04-11 22:44:15] [DEBUG   ] discord.gateway: For Shard ID None: WebSocket Event: {'t': None, 's': None, 'op': 11, 'd': None}
[2026-04-11 22:44:56] [DEBUG   ] discord.gateway: Keeping shard ID None websocket alive with sequence 10.
[2026-04-11 22:44:56] [DEBUG   ] discord.gateway: For Shard ID None: WebSocket Event: {'t': None, 's': None, 'op': 11, 'd': None}
[2026-04-11 22:45:38] [DEBUG   ] discord.gateway: Keeping shard ID None websocket alive with sequence 10.
[2026-04-11 22:45:38] [DEBUG   ] discord.gateway: For Shard ID None: WebSocket Event: {'t': None, 's': None, 'op': 11, 'd': None}
[2026-04-11 22:46:19] [DEBUG   ] discord.gateway: Keeping shard ID None websocket alive with sequence 10.
[2026-04-11 22:46:19] [DEBUG   ] discord.gateway: For Shard ID None: WebSocket Event: {'t': None, 's': None, 'op': 11, 'd': None}
[2026-04-11 22:47:00] [DEBUG   ] discord.gateway: Keeping shard ID None websocket alive with sequence 10.
[2026-04-11 22:47:00] [DEBUG   ] discord.gateway: For Shard ID None: WebSocket Event: {'t': None, 's': None, 'op': 11, 'd': None}
[2026-04-11 22:47:41] [DEBUG   ] discord.gateway: Keeping shard ID None websocket alive with sequence 10.
[2026-04-11 22:47:41] [DEBUG   ] discord.gateway: For Shard ID None: WebSocket Event: {'t': None, 's': None, 'op': 11, 'd': None}
[2026-04-11 22:48:23] [DEBUG   ] discord.gateway: Keeping shard ID None websocket alive with sequence 10.
[2026-04-11 22:48:23] [DEBUG   ] discord.gateway: For Shard ID None: WebSocket Event: {'t': None, 's': None, 'op': 11, 'd': None}
[2026-04-11 22:49:04] [DEBUG   ] discord.gateway: Keeping shard ID None websocket alive with sequence 10.
[2026-04-11 22:49:04] [DEBUG   ] discord.gateway: For Shard ID None: WebSocket Event: {'t': None, 's': None, 'op': 11, 'd': None}
[2026-04-11 22:49:45] [DEBUG   ] discord.gateway: Keeping shard ID None websocket alive with sequence 10.
[2026-04-11 22:49:45] [DEBUG   ] discord.gateway: For Shard ID None: WebSocket Event: {'t': None, 's': None, 'op': 11, 'd': None}
[2026-04-11 22:50:26] [DEBUG   ] discord.gateway: Keeping shard ID None websocket alive with sequence 10.
[2026-04-11 22:50:26] [DEBUG   ] discord.gateway: For Shard ID None: WebSocket Event: {'t': None, 's': None, 'op': 11, 'd': None}
[2026-04-11 22:51:08] [DEBUG   ] discord.gateway: Keeping shard ID None websocket alive with sequence 10.
[2026-04-11 22:51:08] [DEBUG   ] discord.gateway: For Shard ID None: WebSocket Event: {'t': None, 's': None, 'op': 11, 'd': None}
[2026-04-11 22:51:49] [DEBUG   ] discord.gateway: Keeping shard ID None websocket alive with sequence 10.
[2026-04-11 22:51:49] [DEBUG   ] discord.gateway: For Shard ID None: WebSocket Event: {'t': None, 's': None, 'op': 11, 'd': None}
[2026-04-11 22:52:30] [DEBUG   ] discord.gateway: Keeping shard ID None websocket alive with sequence 10.
[2026-04-11 22:52:30] [DEBUG   ] discord.gateway: For Shard ID None: WebSocket Event: {'t': None, 's': None, 'op': 11, 'd': None}
[2026-04-11 22:53:11] [DEBUG   ] discord.gateway: Keeping shard ID None websocket alive with sequence 10.
[2026-04-11 22:53:11] [DEBUG   ] discord.gateway: For Shard ID None: WebSocket Event: {'t': None, 's': None, 'op': 11, 'd': None}
[2026-04-11 22:53:53] [DEBUG   ] discord.gateway: Keeping shard ID None websocket alive with sequence 10.
[2026-04-11 22:53:53] [DEBUG   ] discord.gateway: For Shard ID None: WebSocket Event: {'t': None, 's': None, 'op': 11, 'd': None}
[2026-04-11 22:54:34] [DEBUG   ] discord.gateway: Keeping shard ID None websocket alive with sequence 10.
[2026-04-11 22:54:34] [DEBUG   ] discord.gateway: For Shard ID None: WebSocket Event: {'t': None, 's': None, 'op': 11, 'd': None}
[2026-04-11 22:55:15] [DEBUG   ] discord.gateway: Keeping shard ID None websocket alive with sequence 10.
[2026-04-11 22:55:15] [DEBUG   ] discord.gateway: For Shard ID None: WebSocket Event: {'t': None, 's': None, 'op': 11, 'd': None}
[2026-04-11 22:55:27] [DEBUG   ] discord.gateway: For Shard ID None: WebSocket Event: {'t': None, 's': None, 'op': 7, 'd': None}
[2026-04-11 22:55:27] [DEBUG   ] discord.gateway: Received RECONNECT opcode.
[2026-04-11 22:55:28] [DEBUG   ] discord.client: Got a request to RESUME the websocket.
[2026-04-11 22:55:28] [DEBUG   ] discord.client: Dispatching event disconnect
[2026-04-11 22:55:28] [DEBUG   ] discord.gateway: Created websocket connected to wss://gateway-us-east1-d.discord.gg
[2026-04-11 22:55:28] [DEBUG   ] discord.gateway: For Shard ID None: WebSocket Event: {'t': None, 's': None, 'op': 10, 'd': {'heartbeat_interval': 41250, '_trace': ['["gateway-prd-arm-us-east1-d-dljf",{"micros":0.0}]']}}
[2026-04-11 22:55:28] [DEBUG   ] discord.gateway: Shard ID None has sent the RESUME payload.
[2026-04-11 22:55:28] [DEBUG   ] discord.gateway: For Shard ID None: WebSocket Event: {'t': None, 's': None, 'op': 11, 'd': None}
[2026-04-11 22:55:28] [DEBUG   ] discord.gateway: For Shard ID None: WebSocket Event: {'t': 'RESUMED', 's': 11, 'op': 0, 'd': {'_trace': ['["gateway-prd-arm-us-east1-d-dljf",{"micros":2952,"calls":["id_created",{"micros":0,"calls":[]},"session_lookup_time",{"micros":358,"calls":[]},"session_lookup_finished",{"micros":19,"calls":[]},"sessions-prd-gcp-us-east1-d-79",{"micros":31}]}]']}}
[2026-04-11 22:55:28] [DEBUG   ] discord.client: Dispatching event socket_event_type
[2026-04-11 22:55:28] [INFO    ] discord.gateway: Shard ID None has successfully RESUMED session 3f9c5db55d51905892e265caa2346a14.
[2026-04-11 22:55:28] [DEBUG   ] discord.client: Dispatching event resumed
[2026-04-11 22:56:09] [DEBUG   ] discord.gateway: Keeping shard ID None websocket alive with sequence 11.
[2026-04-11 22:56:09] [DEBUG   ] discord.gateway: For Shard ID None: WebSocket Event: {'t': None, 's': None, 'op': 11, 'd': None}
[2026-04-11 22:56:50] [DEBUG   ] discord.gateway: Keeping shard ID None websocket alive with sequence 11.
[2026-04-11 22:56:50] [DEBUG   ] discord.gateway: For Shard ID None: WebSocket Event: {'t': None, 's': None, 'op': 11, 'd': None}
[2026-04-11 22:57:31] [DEBUG   ] discord.gateway: Keeping shard ID None websocket alive with sequence 11.
[2026-04-11 22:57:31] [DEBUG   ] discord.gateway: For Shard ID None: WebSocket Event: {'t': None, 's': None, 'op': 11, 'd': None}
[2026-04-11 22:58:13] [DEBUG   ] discord.gateway: Keeping shard ID None websocket alive with sequence 11.
[2026-04-11 22:58:13] [DEBUG   ] discord.gateway: For Shard ID None: WebSocket Event: {'t': None, 's': None, 'op': 11, 'd': None}
[2026-04-11 22:58:54] [DEBUG   ] discord.gateway: Keeping shard ID None websocket alive with sequence 11.
[2026-04-11 22:58:54] [DEBUG   ] discord.gateway: For Shard ID None: WebSocket Event: {'t': None, 's': None, 'op': 11, 'd': None}
[2026-04-11 22:59:35] [DEBUG   ] discord.gateway: Keeping shard ID None websocket alive with sequence 11.
[2026-04-11 22:59:35] [DEBUG   ] discord.gateway: For Shard ID None: WebSocket Event: {'t': None, 's': None, 'op': 11, 'd': None}
[2026-04-11 23:00:16] [DEBUG   ] discord.gateway: Keeping shard ID None websocket alive with sequence 11.
[2026-04-11 23:00:16] [DEBUG   ] discord.gateway: For Shard ID None: WebSocket Event: {'t': None, 's': None, 'op': 11, 'd': None}
[2026-04-11 23:00:58] [DEBUG   ] discord.gateway: Keeping shard ID None websocket alive with sequence 11.
[2026-04-11 23:00:58] [DEBUG   ] discord.gateway: For Shard ID None: WebSocket Event: {'t': None, 's': None, 'op': 11, 'd': None}
[2026-04-11 23:01:39] [DEBUG   ] discord.gateway: Keeping shard ID None websocket alive with sequence 11.
[2026-04-11 23:01:39] [DEBUG   ] discord.gateway: For Shard ID None: WebSocket Event: {'t': None, 's': None, 'op': 11, 'd': None}
[2026-04-11 23:02:20] [DEBUG   ] discord.gateway: Keeping shard ID None websocket alive with sequence 11.
[2026-04-11 23:02:20] [DEBUG   ] discord.gateway: For Shard ID None: WebSocket Event: {'t': None, 's': None, 'op': 11, 'd': None}
[2026-04-11 23:03:01] [DEBUG   ] discord.gateway: Keeping shard ID None websocket alive with sequence 11.
[2026-04-11 23:03:01] [DEBUG   ] discord.gateway: For Shard ID None: WebSocket Event: {'t': None, 's': None, 'op': 11, 'd': None}
[2026-04-11 23:03:43] [DEBUG   ] discord.gateway: Keeping shard ID None websocket alive with sequence 11.
[2026-04-11 23:03:43] [DEBUG   ] discord.gateway: For Shard ID None: WebSocket Event: {'t': None, 's': None, 'op': 11, 'd': None}
[2026-04-11 23:04:24] [DEBUG   ] discord.gateway: Keeping shard ID None websocket alive with sequence 11.
[2026-04-11 23:04:24] [DEBUG   ] discord.gateway: For Shard ID None: WebSocket Event: {'t': None, 's': None, 'op': 11, 'd': None}
[2026-04-11 23:05:05] [DEBUG   ] discord.gateway: Keeping shard ID None websocket alive with sequence 11.
[2026-04-11 23:05:05] [DEBUG   ] discord.gateway: For Shard ID None: WebSocket Event: {'t': None, 's': None, 'op': 11, 'd': None}
[2026-04-11 23:05:46] [DEBUG   ] discord.gateway: Keeping shard ID None websocket alive with sequence 11.
[2026-04-11 23:05:46] [DEBUG   ] discord.gateway: For Shard ID None: WebSocket Event: {'t': None, 's': None, 'op': 11, 'd': None}
[2026-04-11 23:06:28] [DEBUG   ] discord.gateway: Keeping shard ID None websocket alive with sequence 11.
[2026-04-11 23:06:28] [DEBUG   ] discord.gateway: For Shard ID None: WebSocket Event: {'t': None, 's': None, 'op': 11, 'd': None}
[2026-04-11 23:07:09] [DEBUG   ] discord.gateway: Keeping shard ID None websocket alive with sequence 11.
[2026-04-11 23:07:09] [DEBUG   ] discord.gateway: For Shard ID None: WebSocket Event: {'t': None, 's': None, 'op': 11, 'd': None}
[2026-04-11 23:07:50] [DEBUG   ] discord.gateway: Keeping shard ID None websocket alive with sequence 11.
[2026-04-11 23:07:50] [DEBUG   ] discord.gateway: For Shard ID None: WebSocket Event: {'t': None, 's': None, 'op': 11, 'd': None}
[2026-04-11 23:08:31] [DEBUG   ] discord.gateway: Keeping shard ID None websocket alive with sequence 11.
[2026-04-11 23:08:31] [DEBUG   ] discord.gateway: For Shard ID None: WebSocket Event: {'t': None, 's': None, 'op': 11, 'd': None}
[2026-04-11 23:09:13] [DEBUG   ] discord.gateway: Keeping shard ID None websocket alive with sequence 11.
[2026-04-11 23:09:13] [DEBUG   ] discord.gateway: For Shard ID None: WebSocket Event: {'t': None, 's': None, 'op': 11, 'd': None}
[2026-04-11 23:09:54] [DEBUG   ] discord.gateway: Keeping shard ID None websocket alive with sequence 11.
[2026-04-11 23:09:54] [DEBUG   ] discord.gateway: For Shard ID None: WebSocket Event: {'t': None, 's': None, 'op': 11, 'd': None}
[2026-04-11 23:10:35] [DEBUG   ] discord.gateway: Keeping shard ID None websocket alive with sequence 11.
[2026-04-11 23:10:35] [DEBUG   ] discord.gateway: For Shard ID None: WebSocket Event: {'t': None, 's': None, 'op': 11, 'd': None}
[2026-04-11 23:11:16] [DEBUG   ] discord.gateway: Keeping shard ID None websocket alive with sequence 11.
[2026-04-11 23:11:17] [DEBUG   ] discord.gateway: For Shard ID None: WebSocket Event: {'t': None, 's': None, 'op': 11, 'd': None}
[2026-04-11 23:11:58] [DEBUG   ] discord.gateway: Keeping shard ID None websocket alive with sequence 11.
[2026-04-11 23:11:58] [DEBUG   ] discord.gateway: For Shard ID None: WebSocket Event: {'t': None, 's': None, 'op': 11, 'd': None}
[2026-04-11 23:12:39] [DEBUG   ] discord.gateway: Keeping shard ID None websocket alive with sequence 11.
[2026-04-11 23:12:39] [DEBUG   ] discord.gateway: For Shard ID None: WebSocket Event: {'t': None, 's': None, 'op': 11, 'd': None}
[2026-04-11 23:13:20] [DEBUG   ] discord.gateway: Keeping shard ID None websocket alive with sequence 11.
[2026-04-11 23:13:20] [DEBUG   ] discord.gateway: For Shard ID None: WebSocket Event: {'t': None, 's': None, 'op': 11, 'd': None}
[2026-04-11 23:14:02] [DEBUG   ] discord.gateway: Keeping shard ID None websocket alive with sequence 11.
[2026-04-11 23:14:02] [DEBUG   ] discord.gateway: For Shard ID None: WebSocket Event: {'t': None, 's': None, 'op': 11, 'd': None}
[2026-04-11 23:14:43] [DEBUG   ] discord.gateway: Keeping shard ID None websocket alive with sequence 11.
[2026-04-11 23:14:43] [DEBUG   ] discord.gateway: For Shard ID None: WebSocket Event: {'t': None, 's': None, 'op': 11, 'd': None}
[2026-04-11 23:15:24] [DEBUG   ] discord.gateway: Keeping shard ID None websocket alive with sequence 11.
[2026-04-11 23:15:24] [DEBUG   ] discord.gateway: For Shard ID None: WebSocket Event: {'t': None, 's': None, 'op': 11, 'd': None}
[2026-04-11 23:16:05] [DEBUG   ] discord.gateway: Keeping shard ID None websocket alive with sequence 11.
[2026-04-11 23:16:05] [DEBUG   ] discord.gateway: For Shard ID None: WebSocket Event: {'t': None, 's': None, 'op': 11, 'd': None}
[2026-04-11 23:16:47] [DEBUG   ] discord.gateway: Keeping shard ID None websocket alive with sequence 11.
[2026-04-11 23:16:47] [DEBUG   ] discord.gateway: For Shard ID None: WebSocket Event: {'t': None, 's': None, 'op': 11, 'd': None}
[2026-04-11 23:17:28] [DEBUG   ] discord.gateway: Keeping shard ID None websocket alive with sequence 11.
[2026-04-11 23:17:28] [DEBUG   ] discord.gateway: For Shard ID None: WebSocket Event: {'t': None, 's': None, 'op': 11, 'd': None}
[2026-04-11 23:18:09] [DEBUG   ] discord.gateway: Keeping shard ID None websocket alive with sequence 11.
[2026-04-11 23:18:09] [DEBUG   ] discord.gateway: For Shard ID None: WebSocket Event: {'t': None, 's': None, 'op': 11, 'd': None}
[2026-04-11 23:18:50] [DEBUG   ] discord.gateway: Keeping shard ID None websocket alive with sequence 11.
[2026-04-11 23:18:50] [DEBUG   ] discord.gateway: For Shard ID None: WebSocket Event: {'t': None, 's': None, 'op': 11, 'd': None}
[2026-04-11 23:19:32] [DEBUG   ] discord.gateway: Keeping shard ID None websocket alive with sequence 11.
[2026-04-11 23:19:32] [DEBUG   ] discord.gateway: For Shard ID None: WebSocket Event: {'t': None, 's': None, 'op': 11, 'd': None}
[2026-04-11 23:20:13] [DEBUG   ] discord.gateway: Keeping shard ID None websocket alive with sequence 11.
[2026-04-11 23:20:13] [DEBUG   ] discord.gateway: For Shard ID None: WebSocket Event: {'t': None, 's': None, 'op': 11, 'd': None}
[2026-04-11 23:20:54] [DEBUG   ] discord.gateway: Keeping shard ID None websocket alive with sequence 11.
[2026-04-11 23:20:54] [DEBUG   ] discord.gateway: For Shard ID None: WebSocket Event: {'t': None, 's': None, 'op': 11, 'd': None}
[2026-04-11 23:21:35] [DEBUG   ] discord.gateway: Keeping shard ID None websocket alive with sequence 11.
[2026-04-11 23:21:35] [DEBUG   ] discord.gateway: For Shard ID None: WebSocket Event: {'t': None, 's': None, 'op': 11, 'd': None}
[2026-04-11 23:22:17] [DEBUG   ] discord.gateway: Keeping shard ID None websocket alive with sequence 11.
[2026-04-11 23:22:17] [DEBUG   ] discord.gateway: For Shard ID None: WebSocket Event: {'t': None, 's': None, 'op': 11, 'd': None}
[2026-04-11 23:22:58] [DEBUG   ] discord.gateway: Keeping shard ID None websocket alive with sequence 11.
[2026-04-11 23:22:58] [DEBUG   ] discord.gateway: For Shard ID None: WebSocket Event: {'t': None, 's': None, 'op': 11, 'd': None}
[2026-04-11 23:23:39] [DEBUG   ] discord.gateway: Keeping shard ID None websocket alive with sequence 11.
[2026-04-11 23:23:39] [DEBUG   ] discord.gateway: For Shard ID None: WebSocket Event: {'t': None, 's': None, 'op': 11, 'd': None}
[2026-04-11 23:24:20] [DEBUG   ] discord.gateway: Keeping shard ID None websocket alive with sequence 11.
[2026-04-11 23:24:20] [DEBUG   ] discord.gateway: For Shard ID None: WebSocket Event: {'t': None, 's': None, 'op': 11, 'd': None}
[2026-04-11 23:25:02] [DEBUG   ] discord.gateway: Keeping shard ID None websocket alive with sequence 11.
[2026-04-11 23:25:02] [DEBUG   ] discord.gateway: For Shard ID None: WebSocket Event: {'t': None, 's': None, 'op': 11, 'd': None}
[2026-04-11 23:25:43] [DEBUG   ] discord.gateway: Keeping shard ID None websocket alive with sequence 11.
[2026-04-11 23:25:43] [DEBUG   ] discord.gateway: For Shard ID None: WebSocket Event: {'t': None, 's': None, 'op': 11, 'd': None}
[2026-04-11 23:26:24] [DEBUG   ] discord.gateway: Keeping shard ID None websocket alive with sequence 11.
[2026-04-11 23:26:24] [DEBUG   ] discord.gateway: For Shard ID None: WebSocket Event: {'t': None, 's': None, 'op': 11, 'd': None}
[2026-04-11 23:27:05] [DEBUG   ] discord.gateway: Keeping shard ID None websocket alive with sequence 11.
[2026-04-11 23:27:05] [DEBUG   ] discord.gateway: For Shard ID None: WebSocket Event: {'t': None, 's': None, 'op': 11, 'd': None}
[2026-04-11 23:27:47] [DEBUG   ] discord.gateway: Keeping shard ID None websocket alive with sequence 11.
[2026-04-11 23:27:47] [DEBUG   ] discord.gateway: For Shard ID None: WebSocket Event: {'t': None, 's': None, 'op': 11, 'd': None}
[2026-04-11 23:28:28] [DEBUG   ] discord.gateway: Keeping shard ID None websocket alive with sequence 11.
[2026-04-11 23:28:28] [DEBUG   ] discord.gateway: For Shard ID None: WebSocket Event: {'t': None, 's': None, 'op': 11, 'd': None}
[2026-04-11 23:29:09] [DEBUG   ] discord.gateway: Keeping shard ID None websocket alive with sequence 11.
[2026-04-11 23:29:09] [DEBUG   ] discord.gateway: For Shard ID None: WebSocket Event: {'t': None, 's': None, 'op': 11, 'd': None}
[2026-04-11 23:29:50] [DEBUG   ] discord.gateway: Keeping shard ID None websocket alive with sequence 11.
[2026-04-11 23:29:50] [DEBUG   ] discord.gateway: For Shard ID None: WebSocket Event: {'t': None, 's': None, 'op': 11, 'd': None}
[2026-04-11 23:30:32] [DEBUG   ] discord.gateway: Keeping shard ID None websocket alive with sequence 11.
[2026-04-11 23:30:32] [DEBUG   ] discord.gateway: For Shard ID None: WebSocket Event: {'t': None, 's': None, 'op': 11, 'd': None}
[2026-04-11 23:31:13] [DEBUG   ] discord.gateway: Keeping shard ID None websocket alive with sequence 11.
[2026-04-11 23:31:13] [DEBUG   ] discord.gateway: For Shard ID None: WebSocket Event: {'t': None, 's': None, 'op': 11, 'd': None}
[2026-04-11 23:31:54] [DEBUG   ] discord.gateway: Keeping shard ID None websocket alive with sequence 11.
[2026-04-11 23:31:54] [DEBUG   ] discord.gateway: For Shard ID None: WebSocket Event: {'t': None, 's': None, 'op': 11, 'd': None}
[2026-04-11 23:32:35] [DEBUG   ] discord.gateway: Keeping shard ID None websocket alive with sequence 11.
[2026-04-11 23:32:35] [DEBUG   ] discord.gateway: For Shard ID None: WebSocket Event: {'t': None, 's': None, 'op': 11, 'd': None}
[2026-04-11 23:33:17] [DEBUG   ] discord.gateway: Keeping shard ID None websocket alive with sequence 11.
[2026-04-11 23:33:17] [DEBUG   ] discord.gateway: For Shard ID None: WebSocket Event: {'t': None, 's': None, 'op': 11, 'd': None}
[2026-04-11 23:33:58] [DEBUG   ] discord.gateway: Keeping shard ID None websocket alive with sequence 11.
[2026-04-11 23:33:58] [DEBUG   ] discord.gateway: For Shard ID None: WebSocket Event: {'t': None, 's': None, 'op': 11, 'd': None}
[2026-04-11 23:34:39] [DEBUG   ] discord.gateway: Keeping shard ID None websocket alive with sequence 11.
[2026-04-11 23:34:39] [DEBUG   ] discord.gateway: For Shard ID None: WebSocket Event: {'t': None, 's': None, 'op': 11, 'd': None}
[2026-04-11 23:35:20] [DEBUG   ] discord.gateway: Keeping shard ID None websocket alive with sequence 11.
[2026-04-11 23:35:20] [DEBUG   ] discord.gateway: For Shard ID None: WebSocket Event: {'t': None, 's': None, 'op': 11, 'd': None}
[2026-04-11 23:36:02] [DEBUG   ] discord.gateway: Keeping shard ID None websocket alive with sequence 11.
[2026-04-11 23:36:02] [DEBUG   ] discord.gateway: For Shard ID None: WebSocket Event: {'t': None, 's': None, 'op': 11, 'd': None}
[2026-04-11 23:36:43] [DEBUG   ] discord.gateway: Keeping shard ID None websocket alive with sequence 11.
[2026-04-11 23:36:43] [DEBUG   ] discord.gateway: For Shard ID None: WebSocket Event: {'t': None, 's': None, 'op': 11, 'd': None}
[2026-04-11 23:37:24] [DEBUG   ] discord.gateway: Keeping shard ID None websocket alive with sequence 11.
[2026-04-11 23:37:24] [DEBUG   ] discord.gateway: For Shard ID None: WebSocket Event: {'t': None, 's': None, 'op': 11, 'd': None}
[2026-04-11 23:38:05] [DEBUG   ] discord.gateway: Keeping shard ID None websocket alive with sequence 11.
[2026-04-11 23:38:05] [DEBUG   ] discord.gateway: For Shard ID None: WebSocket Event: {'t': None, 's': None, 'op': 11, 'd': None}
[2026-04-11 23:38:47] [DEBUG   ] discord.gateway: Keeping shard ID None websocket alive with sequence 11.
[2026-04-11 23:38:47] [DEBUG   ] discord.gateway: For Shard ID None: WebSocket Event: {'t': None, 's': None, 'op': 11, 'd': None}
[2026-04-11 23:39:28] [DEBUG   ] discord.gateway: Keeping shard ID None websocket alive with sequence 11.
[2026-04-11 23:39:28] [DEBUG   ] discord.gateway: For Shard ID None: WebSocket Event: {'t': None, 's': None, 'op': 11, 'd': None}
[2026-04-11 23:40:09] [DEBUG   ] discord.gateway: Keeping shard ID None websocket alive with sequence 11.
[2026-04-11 23:40:09] [DEBUG   ] discord.gateway: For Shard ID None: WebSocket Event: {'t': None, 's': None, 'op': 11, 'd': None}
